2025-11-10 06:30:08 | training | INFO | Logging to file: C:\Users\arvin\OneDrive\Desktop\ml project\Image-Text-Cross-Modal-Retrieval-YusufBranch\outputs\logs\training_20251110_063008.log
2025-11-10 06:30:08 | training | INFO | Total parameters: 1,118,209
2025-11-10 06:30:12 | training | INFO | Resumed from epoch 1
2025-11-10 06:30:12 | training | INFO | Starting training for 100 epochs
2025-11-10 06:30:12 | training | INFO | 
============================================================
2025-11-10 06:30:12 | training | INFO | Epoch 2/100
2025-11-10 06:30:12 | training | INFO | ============================================================
2025-11-10 06:30:44 | training | INFO | Train Loss: 0.5126
2025-11-10 06:31:05 | training | INFO | Val Loss: 2.3377
2025-11-10 06:31:05 | training | INFO | I2T R@1: 0.0848
2025-11-10 06:31:05 | training | INFO | T2I R@1: 0.0723
2025-11-10 06:31:05 | training | INFO | 
============================================================
2025-11-10 06:31:05 | training | INFO | Epoch 3/100
2025-11-10 06:31:05 | training | INFO | ============================================================
2025-11-10 06:31:50 | training | INFO | Train Loss: 0.4924
2025-11-10 06:32:13 | training | INFO | Val Loss: 2.3440
2025-11-10 06:32:13 | training | INFO | I2T R@1: 0.0860
2025-11-10 06:32:13 | training | INFO | T2I R@1: 0.0710
2025-11-10 06:32:13 | training | INFO | 
============================================================
2025-11-10 06:32:13 | training | INFO | Epoch 4/100
2025-11-10 06:32:13 | training | INFO | ============================================================
2025-11-10 06:32:53 | training | INFO | Train Loss: 0.4788
2025-11-10 06:33:05 | training | INFO | Val Loss: 2.3434
2025-11-10 06:33:05 | training | INFO | I2T R@1: 0.0856
2025-11-10 06:33:05 | training | INFO | T2I R@1: 0.0725
2025-11-10 06:33:05 | training | INFO | 
============================================================
2025-11-10 06:33:05 | training | INFO | Epoch 5/100
2025-11-10 06:33:05 | training | INFO | ============================================================
2025-11-10 06:33:34 | training | INFO | Train Loss: 0.4669
2025-11-10 06:33:46 | training | INFO | Val Loss: 2.3476
2025-11-10 06:33:46 | training | INFO | I2T R@1: 0.0838
2025-11-10 06:33:46 | training | INFO | T2I R@1: 0.0733
2025-11-10 06:33:46 | training | INFO | 
============================================================
2025-11-10 06:33:46 | training | INFO | Epoch 6/100
2025-11-10 06:33:46 | training | INFO | ============================================================
2025-11-10 06:34:30 | training | INFO | Train Loss: 0.4534
2025-11-10 06:34:50 | training | INFO | Val Loss: 2.3411
2025-11-10 06:34:50 | training | INFO | I2T R@1: 0.0854
2025-11-10 06:34:50 | training | INFO | T2I R@1: 0.0731
2025-11-10 06:34:50 | training | INFO | 
============================================================
2025-11-10 06:34:50 | training | INFO | Epoch 7/100
2025-11-10 06:34:50 | training | INFO | ============================================================
2025-11-10 06:35:24 | training | INFO | Train Loss: 0.4445
2025-11-10 06:35:39 | training | INFO | Val Loss: 2.3448
2025-11-10 06:35:39 | training | INFO | I2T R@1: 0.0854
2025-11-10 06:35:39 | training | INFO | T2I R@1: 0.0694
2025-11-10 06:35:39 | training | INFO | 
============================================================
2025-11-10 06:35:39 | training | INFO | Epoch 8/100
2025-11-10 06:35:39 | training | INFO | ============================================================
2025-11-10 06:36:14 | training | INFO | Train Loss: 0.4347
2025-11-10 06:36:25 | training | INFO | Val Loss: 2.3473
2025-11-10 06:36:25 | training | INFO | I2T R@1: 0.0827
2025-11-10 06:36:25 | training | INFO | T2I R@1: 0.0717
2025-11-10 06:36:25 | training | INFO | 
============================================================
2025-11-10 06:36:25 | training | INFO | Epoch 9/100
2025-11-10 06:36:25 | training | INFO | ============================================================
2025-11-10 06:36:55 | training | INFO | Train Loss: 0.4258
2025-11-10 06:37:17 | training | INFO | Val Loss: 2.3491
2025-11-10 06:37:17 | training | INFO | I2T R@1: 0.0840
2025-11-10 06:37:17 | training | INFO | T2I R@1: 0.0706
2025-11-10 06:37:17 | training | INFO | 
============================================================
2025-11-10 06:37:17 | training | INFO | Epoch 10/100
2025-11-10 06:37:17 | training | INFO | ============================================================
2025-11-10 06:38:08 | training | INFO | Train Loss: 0.4161
2025-11-10 06:38:25 | training | INFO | Val Loss: 2.3493
2025-11-10 06:38:25 | training | INFO | I2T R@1: 0.0809
2025-11-10 06:38:25 | training | INFO | T2I R@1: 0.0725
2025-11-10 06:38:25 | training | INFO | 
============================================================
2025-11-10 06:38:25 | training | INFO | Epoch 11/100
2025-11-10 06:38:25 | training | INFO | ============================================================
2025-11-10 06:39:09 | training | INFO | Train Loss: 0.4078
2025-11-10 06:39:29 | training | INFO | Val Loss: 2.3495
2025-11-10 06:39:29 | training | INFO | I2T R@1: 0.0860
2025-11-10 06:39:29 | training | INFO | T2I R@1: 0.0725
2025-11-10 06:39:29 | training | INFO | 
============================================================
2025-11-10 06:39:29 | training | INFO | Epoch 12/100
2025-11-10 06:39:29 | training | INFO | ============================================================
2025-11-10 06:40:01 | training | INFO | Train Loss: 0.3995
2025-11-10 06:40:12 | training | INFO | Val Loss: 2.3515
2025-11-10 06:40:12 | training | INFO | I2T R@1: 0.0850
2025-11-10 06:40:12 | training | INFO | T2I R@1: 0.0741
2025-11-10 06:40:12 | training | INFO | 
============================================================
2025-11-10 06:40:12 | training | INFO | Epoch 13/100
2025-11-10 06:40:12 | training | INFO | ============================================================
2025-11-10 06:40:42 | training | INFO | Train Loss: 0.3938
2025-11-10 06:40:53 | training | INFO | Val Loss: 2.3560
2025-11-10 06:40:53 | training | INFO | I2T R@1: 0.0869
2025-11-10 06:40:53 | training | INFO | T2I R@1: 0.0721
2025-11-10 06:40:53 | training | INFO | 
============================================================
2025-11-10 06:40:53 | training | INFO | Epoch 14/100
2025-11-10 06:40:53 | training | INFO | ============================================================
2025-11-10 06:41:23 | training | INFO | Train Loss: 0.3871
2025-11-10 06:41:34 | training | INFO | Val Loss: 2.3555
2025-11-10 06:41:34 | training | INFO | I2T R@1: 0.0828
2025-11-10 06:41:34 | training | INFO | T2I R@1: 0.0712
2025-11-10 06:41:34 | training | INFO | 
============================================================
2025-11-10 06:41:34 | training | INFO | Epoch 15/100
2025-11-10 06:41:34 | training | INFO | ============================================================
2025-11-10 06:42:10 | training | INFO | Train Loss: 0.3808
2025-11-10 06:42:32 | training | INFO | Val Loss: 2.3551
2025-11-10 06:42:32 | training | INFO | I2T R@1: 0.0832
2025-11-10 06:42:32 | training | INFO | T2I R@1: 0.0706
2025-11-10 06:42:32 | training | INFO | 
============================================================
2025-11-10 06:42:32 | training | INFO | Epoch 16/100
2025-11-10 06:42:32 | training | INFO | ============================================================
2025-11-10 06:43:17 | training | INFO | Train Loss: 0.3739
2025-11-10 06:43:29 | training | INFO | Val Loss: 2.3577
2025-11-10 06:43:29 | training | INFO | I2T R@1: 0.0830
2025-11-10 06:43:29 | training | INFO | T2I R@1: 0.0735
2025-11-10 06:43:29 | training | INFO | 
============================================================
2025-11-10 06:43:29 | training | INFO | Epoch 17/100
2025-11-10 06:43:29 | training | INFO | ============================================================
2025-11-10 06:44:02 | training | INFO | Train Loss: 0.3703
2025-11-10 06:44:13 | training | INFO | Val Loss: 2.3573
2025-11-10 06:44:13 | training | INFO | I2T R@1: 0.0828
2025-11-10 06:44:13 | training | INFO | T2I R@1: 0.0723
2025-11-10 06:44:13 | training | INFO | 
============================================================
2025-11-10 06:44:13 | training | INFO | Epoch 18/100
2025-11-10 06:44:13 | training | INFO | ============================================================
2025-11-10 06:44:43 | training | INFO | Train Loss: 0.3630
2025-11-10 06:44:54 | training | INFO | Val Loss: 2.3610
2025-11-10 06:44:54 | training | INFO | I2T R@1: 0.0828
2025-11-10 06:44:54 | training | INFO | T2I R@1: 0.0725
2025-11-10 06:44:54 | training | INFO | 
============================================================
2025-11-10 06:44:54 | training | INFO | Epoch 19/100
2025-11-10 06:44:54 | training | INFO | ============================================================
2025-11-10 06:45:34 | training | INFO | Train Loss: 0.3598
2025-11-10 06:45:54 | training | INFO | Val Loss: 2.3610
2025-11-10 06:45:54 | training | INFO | I2T R@1: 0.0832
2025-11-10 06:45:54 | training | INFO | T2I R@1: 0.0704
2025-11-10 06:45:54 | training | INFO | 
============================================================
2025-11-10 06:45:54 | training | INFO | Epoch 20/100
2025-11-10 06:45:54 | training | INFO | ============================================================
2025-11-10 06:46:44 | training | INFO | Train Loss: 0.3525
2025-11-10 06:46:55 | training | INFO | Val Loss: 2.3610
2025-11-10 06:46:55 | training | INFO | I2T R@1: 0.0823
2025-11-10 06:46:55 | training | INFO | T2I R@1: 0.0704
2025-11-10 06:46:55 | training | INFO | 
============================================================
2025-11-10 06:46:55 | training | INFO | Epoch 21/100
2025-11-10 06:46:55 | training | INFO | ============================================================
2025-11-10 06:47:30 | training | INFO | Train Loss: 0.3497
2025-11-10 06:47:46 | training | INFO | Val Loss: 2.3632
2025-11-10 06:47:46 | training | INFO | I2T R@1: 0.0823
2025-11-10 06:47:46 | training | INFO | T2I R@1: 0.0715
2025-11-10 06:47:46 | training | INFO | 
============================================================
2025-11-10 06:47:46 | training | INFO | Epoch 22/100
2025-11-10 06:47:46 | training | INFO | ============================================================
2025-11-10 06:48:30 | training | INFO | Train Loss: 0.3446
2025-11-10 06:48:50 | training | INFO | Val Loss: 2.3662
2025-11-10 06:48:50 | training | INFO | I2T R@1: 0.0819
2025-11-10 06:48:50 | training | INFO | T2I R@1: 0.0713
2025-11-10 06:48:50 | training | INFO | Early stopping triggered at epoch 22
2025-11-10 06:48:50 | training | INFO | Training complete! Best model saved to: C:\Users\arvin\OneDrive\Desktop\ml project\Image-Text-Cross-Modal-Retrieval-YusufBranch\data\models\best_model.pt
