2025-11-10 04:45:24 | training | INFO | Logging to file: C:\Users\arvin\OneDrive\Desktop\ml project\Image-Text-Cross-Modal-Retrieval-YusufBranch\outputs\logs\training_20251110_044524.log
2025-11-10 04:45:24 | training | INFO | Total parameters: 1,118,209
2025-11-10 04:45:25 | training | INFO | Starting training for 50 epochs
2025-11-10 04:45:25 | training | INFO | 
============================================================
2025-11-10 04:45:25 | training | INFO | Epoch 1/50
2025-11-10 04:45:25 | training | INFO | ============================================================
2025-11-10 04:46:35 | training | INFO | Train Loss: 2.1026
2025-11-10 04:47:18 | training | INFO | Val Loss: 2.6778
2025-11-10 04:47:18 | training | INFO | I2T R@1: 0.0654
2025-11-10 04:47:18 | training | INFO | T2I R@1: 0.0593
2025-11-10 04:47:19 | training | INFO | 
============================================================
2025-11-10 04:47:19 | training | INFO | Epoch 2/50
2025-11-10 04:47:19 | training | INFO | ============================================================
2025-11-10 04:47:51 | training | INFO | Train Loss: 1.3065
2025-11-10 04:48:02 | training | INFO | Val Loss: 2.5784
2025-11-10 04:48:02 | training | INFO | I2T R@1: 0.0724
2025-11-10 04:48:02 | training | INFO | T2I R@1: 0.0661
2025-11-10 04:48:02 | training | INFO | 
============================================================
2025-11-10 04:48:02 | training | INFO | Epoch 3/50
2025-11-10 04:48:02 | training | INFO | ============================================================
2025-11-10 04:48:41 | training | INFO | Train Loss: 1.1076
2025-11-10 04:49:05 | training | INFO | Val Loss: 2.5460
2025-11-10 04:49:05 | training | INFO | I2T R@1: 0.0743
2025-11-10 04:49:05 | training | INFO | T2I R@1: 0.0714
2025-11-10 04:49:05 | training | INFO | 
============================================================
2025-11-10 04:49:05 | training | INFO | Epoch 4/50
2025-11-10 04:49:05 | training | INFO | ============================================================
2025-11-10 04:49:41 | training | INFO | Train Loss: 0.9928
2025-11-10 04:50:06 | training | INFO | Val Loss: 2.5264
2025-11-10 04:50:06 | training | INFO | I2T R@1: 0.0770
2025-11-10 04:50:06 | training | INFO | T2I R@1: 0.0704
2025-11-10 04:50:06 | training | INFO | 
============================================================
2025-11-10 04:50:06 | training | INFO | Epoch 5/50
2025-11-10 04:50:06 | training | INFO | ============================================================
2025-11-10 04:50:41 | training | INFO | Train Loss: 0.9120
2025-11-10 04:51:01 | training | INFO | Val Loss: 2.5174
2025-11-10 04:51:01 | training | INFO | I2T R@1: 0.0794
2025-11-10 04:51:01 | training | INFO | T2I R@1: 0.0724
2025-11-10 04:51:01 | training | INFO | 
============================================================
2025-11-10 04:51:01 | training | INFO | Epoch 6/50
2025-11-10 04:51:01 | training | INFO | ============================================================
2025-11-10 04:51:39 | training | INFO | Train Loss: 0.8518
2025-11-10 04:51:53 | training | INFO | Val Loss: 2.5138
2025-11-10 04:51:53 | training | INFO | I2T R@1: 0.0776
2025-11-10 04:51:53 | training | INFO | T2I R@1: 0.0757
2025-11-10 04:51:54 | training | INFO | 
============================================================
2025-11-10 04:51:54 | training | INFO | Epoch 7/50
2025-11-10 04:51:54 | training | INFO | ============================================================
2025-11-10 04:52:20 | training | INFO | Train Loss: 0.7981
2025-11-10 04:52:32 | training | INFO | Val Loss: 2.5085
2025-11-10 04:52:32 | training | INFO | I2T R@1: 0.0804
2025-11-10 04:52:32 | training | INFO | T2I R@1: 0.0749
2025-11-10 04:52:33 | training | INFO | 
============================================================
2025-11-10 04:52:33 | training | INFO | Epoch 8/50
2025-11-10 04:52:33 | training | INFO | ============================================================
2025-11-10 04:53:02 | training | INFO | Train Loss: 0.7545
2025-11-10 04:53:15 | training | INFO | Val Loss: 2.5066
2025-11-10 04:53:15 | training | INFO | I2T R@1: 0.0784
2025-11-10 04:53:15 | training | INFO | T2I R@1: 0.0745
2025-11-10 04:53:15 | training | INFO | 
============================================================
2025-11-10 04:53:15 | training | INFO | Epoch 9/50
2025-11-10 04:53:15 | training | INFO | ============================================================
2025-11-10 04:53:44 | training | INFO | Train Loss: 0.7156
2025-11-10 04:53:58 | training | INFO | Val Loss: 2.5082
2025-11-10 04:53:58 | training | INFO | I2T R@1: 0.0819
2025-11-10 04:53:58 | training | INFO | T2I R@1: 0.0755
2025-11-10 04:53:58 | training | INFO | 
============================================================
2025-11-10 04:53:58 | training | INFO | Epoch 10/50
2025-11-10 04:53:58 | training | INFO | ============================================================
2025-11-10 04:54:34 | training | INFO | Train Loss: 0.6832
2025-11-10 04:54:47 | training | INFO | Val Loss: 2.5073
2025-11-10 04:54:47 | training | INFO | I2T R@1: 0.0807
2025-11-10 04:54:47 | training | INFO | T2I R@1: 0.0741
2025-11-10 04:54:47 | training | INFO | 
============================================================
2025-11-10 04:54:47 | training | INFO | Epoch 11/50
2025-11-10 04:54:47 | training | INFO | ============================================================
2025-11-10 04:55:16 | training | INFO | Train Loss: 0.6535
2025-11-10 04:55:29 | training | INFO | Val Loss: 2.5057
2025-11-10 04:55:29 | training | INFO | I2T R@1: 0.0811
2025-11-10 04:55:29 | training | INFO | T2I R@1: 0.0745
2025-11-10 04:55:29 | training | INFO | 
============================================================
2025-11-10 04:55:29 | training | INFO | Epoch 12/50
2025-11-10 04:55:29 | training | INFO | ============================================================
2025-11-10 04:55:59 | training | INFO | Train Loss: 0.6266
2025-11-10 04:56:10 | training | INFO | Val Loss: 2.5092
2025-11-10 04:56:10 | training | INFO | I2T R@1: 0.0811
2025-11-10 04:56:10 | training | INFO | T2I R@1: 0.0749
2025-11-10 04:56:10 | training | INFO | 
============================================================
2025-11-10 04:56:10 | training | INFO | Epoch 13/50
2025-11-10 04:56:10 | training | INFO | ============================================================
2025-11-10 04:56:42 | training | INFO | Train Loss: 0.6054
2025-11-10 04:56:54 | training | INFO | Val Loss: 2.5100
2025-11-10 04:56:54 | training | INFO | I2T R@1: 0.0840
2025-11-10 04:56:54 | training | INFO | T2I R@1: 0.0747
2025-11-10 04:56:55 | training | INFO | 
============================================================
2025-11-10 04:56:55 | training | INFO | Epoch 14/50
2025-11-10 04:56:55 | training | INFO | ============================================================
2025-11-10 04:57:29 | training | INFO | Train Loss: 0.5833
2025-11-10 04:57:44 | training | INFO | Val Loss: 2.5118
2025-11-10 04:57:44 | training | INFO | I2T R@1: 0.0817
2025-11-10 04:57:44 | training | INFO | T2I R@1: 0.0747
2025-11-10 04:57:44 | training | INFO | 
============================================================
2025-11-10 04:57:44 | training | INFO | Epoch 15/50
2025-11-10 04:57:44 | training | INFO | ============================================================
2025-11-10 04:58:13 | training | INFO | Train Loss: 0.5646
2025-11-10 04:58:34 | training | INFO | Val Loss: 2.5145
2025-11-10 04:58:34 | training | INFO | I2T R@1: 0.0833
2025-11-10 04:58:34 | training | INFO | T2I R@1: 0.0753
2025-11-10 04:58:34 | training | INFO | 
============================================================
2025-11-10 04:58:34 | training | INFO | Epoch 16/50
2025-11-10 04:58:34 | training | INFO | ============================================================
2025-11-10 04:59:03 | training | INFO | Train Loss: 0.5494
2025-11-10 04:59:17 | training | INFO | Val Loss: 2.5156
2025-11-10 04:59:17 | training | INFO | I2T R@1: 0.0831
2025-11-10 04:59:17 | training | INFO | T2I R@1: 0.0757
2025-11-10 04:59:18 | training | INFO | 
============================================================
2025-11-10 04:59:18 | training | INFO | Epoch 17/50
2025-11-10 04:59:18 | training | INFO | ============================================================
2025-11-10 05:00:05 | training | INFO | Train Loss: 0.5326
2025-11-10 05:00:17 | training | INFO | Val Loss: 2.5186
2025-11-10 05:00:17 | training | INFO | I2T R@1: 0.0804
2025-11-10 05:00:17 | training | INFO | T2I R@1: 0.0763
2025-11-10 05:00:17 | training | INFO | 
============================================================
2025-11-10 05:00:17 | training | INFO | Epoch 18/50
2025-11-10 05:00:17 | training | INFO | ============================================================
2025-11-10 05:00:42 | training | INFO | Train Loss: 0.5191
2025-11-10 05:00:52 | training | INFO | Val Loss: 2.5212
2025-11-10 05:00:52 | training | INFO | I2T R@1: 0.0833
2025-11-10 05:00:52 | training | INFO | T2I R@1: 0.0737
2025-11-10 05:00:52 | training | INFO | 
============================================================
2025-11-10 05:00:52 | training | INFO | Epoch 19/50
2025-11-10 05:00:52 | training | INFO | ============================================================
2025-11-10 05:01:22 | training | INFO | Train Loss: 0.5064
2025-11-10 05:01:33 | training | INFO | Val Loss: 2.5218
2025-11-10 05:01:33 | training | INFO | I2T R@1: 0.0827
2025-11-10 05:01:33 | training | INFO | T2I R@1: 0.0730
2025-11-10 05:01:33 | training | INFO | 
============================================================
2025-11-10 05:01:33 | training | INFO | Epoch 20/50
2025-11-10 05:01:33 | training | INFO | ============================================================
2025-11-10 05:02:11 | training | INFO | Train Loss: 0.4921
2025-11-10 05:02:31 | training | INFO | Val Loss: 2.5244
2025-11-10 05:02:31 | training | INFO | I2T R@1: 0.0831
2025-11-10 05:02:31 | training | INFO | T2I R@1: 0.0749
2025-11-10 05:02:31 | training | INFO | 
============================================================
2025-11-10 05:02:31 | training | INFO | Epoch 21/50
2025-11-10 05:02:31 | training | INFO | ============================================================
2025-11-10 05:03:04 | training | INFO | Train Loss: 0.4859
2025-11-10 05:03:18 | training | INFO | Val Loss: 2.5281
2025-11-10 05:03:18 | training | INFO | I2T R@1: 0.0842
2025-11-10 05:03:18 | training | INFO | T2I R@1: 0.0741
2025-11-10 05:03:18 | training | INFO | Early stopping triggered at epoch 21
2025-11-10 05:03:18 | training | INFO | Training complete! Best model saved to: C:\Users\arvin\OneDrive\Desktop\ml project\Image-Text-Cross-Modal-Retrieval-YusufBranch\data\models\best_model.pt
